INSERT INTO ea_users () VALUES (2, 1, 3, , 94, 1, 1492273955)INSERT INTO ea_users () VALUES (2, 1, 3, , 94, 1, 1492273956)INSERT INTO ea_users () VALUES (2, 1, 3, , 94, 1, 1492274082)INSERT INTO ea_users (username, first_name, email, password, last_name, id, id_roles, join_date) VALUES (2, 1, 3, , 94, 1, 1492274124)INSERT INTO ea_users (first_name, email, password, last_name, id, id_roles, join_date) VALUES (2, 1, 3, , 94, 1, 1492275727)INSERT INTO ea_users (first_name, email, password, last_name, id, id_roles, join_date) VALUES (2, 1, 3, , 94, 1, 1492275746)INSERT INTO ea_users (first_name, email, password, last_name, id, id_roles, join_date) VALUES (2, 1, 3, , 94, 1, 1492277623)0INSERT INTO ea_users (first_name, email, password, last_name, id, id_roles, join_date) VALUES (2, 1, 3, , 94, 1, 1492277744)INSERT INTO ea_users (first_name, email, password, last_name, id, id_roles, join_date) VALUES (2, 1, 3, , 94, 1, 1492277785)INSERT INTO ea_users (first_name, email, password, last_name, id, id_roles, join_date) VALUES (2, 1, 3, , 94, 1, 1492277928)INSERT INTO ea_users (first_name, email, password, last_name, id, id_roles, join_date) VALUES (2, 1, 3, , 94, 1, 1492277973)username, password0=Array0=username0=username0=usernameINSERT INTO ea_users (first_name, email, last_name, id, id_roles, join_date) VALUES (2, 1, 3, , 94, 1, 1492278964)INSERT INTO ea_users (, , , , , ) VALUES (2, 1, 3, , 94, 1, 1492279252)INSERT INTO ea_users (, , , , , ) VALUES (2, 1, 3, , 94, 1, 1492279269)INSERT INTO ea_users (first_name, email, last_name, id, id_roles, join_date) VALUES (2, 1, 3, , 94, 1, 1492279345)INSERT INTO ea_users (first_name, email, last_name, id, id_roles, join_date) VALUES (2, 1, 3, , 94, 1, 1492279346)INSERT INTO ea_users (first_name, email, last_name, id, id_roles, join_date) VALUES (2, 3, , 94, 1, 1492279440)1Array
(
    [first_name] => 2
    [username] => 1
    [email] => 3
    [last_name] => 
    [id] => 95
    [id_roles] => 1
    [join_date] => 1492280948
)
Array
(
    [first_name] => 2
    [username] => 1
    [email] => 3
)
Array
(
    [first_name] => 2
    [username] => 1
    [email] => 3
)
Array
(
    [first_name] => 2
    [username] => 1
    [email] => 3
    [password] => 4
)
